{"C:\\Users\\Spen\\Repositories\\Personal\\GitHub\\arm-template-generator\\index.ts": {"path":"C:\\Users\\Spen\\Repositories\\Personal\\GitHub\\arm-template-generator\\index.ts","statementMap":{"0":{"start":{"line":68,"column":13},"end":{"line":78,"column":2}},"1":{"start":{"line":69,"column":2},"end":{"line":77,"column":4}}},"fnMap":{"0":{"name":"(anonymous_0)","decl":{"start":{"line":68,"column":33},"end":{"line":68,"column":34}},"loc":{"start":{"line":68,"column":76},"end":{"line":78,"column":1}}}},"branchMap":{"0":{"loc":{"start":{"line":73,"column":16},"end":{"line":73,"column":45}},"type":"binary-expr","locations":[{"start":{"line":73,"column":16},"end":{"line":73,"column":45}},{"start":{"line":73,"column":49},"end":{"line":73,"column":51}}]}},"s":{"0":1,"1":2},"f":{"0":2},"b":{"0":[2,1]}}
}
